<?xml version="1.0" encoding="UTF-8"?>
<!-- Generated by org.testng.reporters.JUnitReportReporter -->
<testsuite hostname="lenovo-PC" name="Dframework.Propert" tests="1" failures="0" timestamp="22 Jul 2019 10:22:28 GMT" time="4.162" errors="0">
  <testcase name="data" time="4.162" classname="Dframework.Propert"/>
</testsuite> <!-- Dframework.Propert -->
