<?xml version="1.0" encoding="UTF-8"?>
<!-- Generated by org.testng.reporters.JUnitReportReporter -->
<testsuite hostname="lenovo-PC" name="workingwithframe.Frame" tests="1" failures="0" timestamp="25 Jul 2019 16:07:47 GMT" time="0.071" errors="0">
  <testcase name="data" time="0.071" classname="workingwithframe.Frame"/>
</testsuite> <!-- workingwithframe.Frame -->
