<?xml version="1.0" encoding="UTF-8"?>
<!-- Generated by org.testng.reporters.JUnitReportReporter -->
<testsuite hostname="lenovo-PC" name="Dframework.DFrameWork1" tests="1" failures="0" timestamp="25 Jul 2019 17:39:37 GMT" time="19.673" errors="0">
  <testcase name="data" time="19.673" classname="Dframework.DFrameWork1"/>
</testsuite> <!-- Dframework.DFrameWork1 -->
