<?xml version="1.0" encoding="UTF-8"?>
<!-- Generated by org.testng.reporters.JUnitReportReporter -->
<testsuite hostname="lenovo-PC" name="TestNGFrameWork.Tc1Hrm" tests="1" failures="0" timestamp="16 Jul 2019 09:48:30 GMT" time="57.049" errors="0">
  <testcase name="open" time="57.049" classname="TestNGFrameWork.Tc1Hrm"/>
</testsuite> <!-- TestNGFrameWork.Tc1Hrm -->
