<?xml version="1.0" encoding="UTF-8"?>
<!-- Generated by org.testng.reporters.JUnitReportReporter -->
<testsuite hostname="lenovo-PC" name="appachipoi.Tdropdown" tests="1" failures="0" timestamp="16 Jul 2019 07:50:21 GMT" time="3.420" errors="0">
  <testcase name="test" time="3.420" classname="appachipoi.Tdropdown"/>
</testsuite> <!-- appachipoi.Tdropdown -->
