<?xml version="1.0" encoding="UTF-8"?>
<!-- Generated by org.testng.reporters.JUnitReportReporter -->
<testsuite hostname="lenovo-PC" name="linkwithoutframenumbers.WithoutFramenumbers" tests="1" failures="0" timestamp="25 Jul 2019 15:41:00 GMT" time="1.153" errors="0">
  <testcase name="data" time="1.153" classname="linkwithoutframenumbers.WithoutFramenumbers"/>
</testsuite> <!-- linkwithoutframenumbers.WithoutFramenumbers -->
