<?xml version="1.0" encoding="UTF-8"?>
<!-- Generated by org.testng.reporters.JUnitReportReporter -->
<testsuite hostname="lenovo-PC" name="specificrowandcolumn.Srowandcolmn" tests="1" failures="0" timestamp="25 Jul 2019 15:53:05 GMT" time="1.051" errors="0">
  <testcase name="data" time="1.051" classname="specificrowandcolumn.Srowandcolmn"/>
</testsuite> <!-- specificrowandcolumn.Srowandcolmn -->
