<?xml version="1.0" encoding="UTF-8"?>
<!-- Generated by org.testng.reporters.JUnitReportReporter -->
<testsuite hostname="lenovo-PC" name="webtables.Webtables1" tests="1" failures="0" timestamp="25 Jul 2019 16:14:55 GMT" time="0.329" errors="0">
  <testcase name="data" time="0.329" classname="webtables.Webtables1"/>
</testsuite> <!-- webtables.Webtables1 -->
