<?xml version="1.0" encoding="UTF-8"?>
<!-- Generated by org.testng.reporters.JUnitReportReporter -->
<testsuite hostname="lenovo-PC" name="Dframework.Log4jFile" tests="1" failures="0" timestamp="11 Jul 2019 09:33:37 GMT" time="6.858" errors="0">
  <testcase name="login" time="6.858" classname="Dframework.Log4jFile"/>
</testsuite> <!-- Dframework.Log4jFile -->
